<?xml version="1.0" encoding="UTF-8"?>
<testng-results total="1" passed="1" failed="0" skipped="0">
  <reporter-output>
    <line>
      <![CDATA[Child Window has been Displayed]]>
    </line>
  </reporter-output>
  <suite started-at="2021-03-09T21:00:01Z" name="Default suite" finished-at="2021-03-09T21:00:57Z" duration-ms="55456">
    <groups>
    </groups>
    <test started-at="2021-03-09T21:00:01Z" name="Default test" finished-at="2021-03-09T21:00:57Z" duration-ms="55456">
      <class name="com.travelocity.testCases.TC_Exercise_001">
        <test-method is-config="true" signature="setup()[pri:0, instance:com.travelocity.testCases.TC_Exercise_001@4fbe37eb]" started-at="2021-03-09T18:00:01Z" name="setup" finished-at="2021-03-09T18:00:03Z" duration-ms="1536" status="PASS">
          <reporter-output>
          </reporter-output>
        </test-method> <!-- setup -->
        <test-method signature="goToHomePage()[pri:0, instance:com.travelocity.testCases.TC_Exercise_001@4fbe37eb]" started-at="2021-03-09T18:00:03Z" name="goToHomePage" finished-at="2021-03-09T18:00:57Z" duration-ms="53904" status="PASS">
          <reporter-output>
            <line>
              <![CDATA[Child Window has been Displayed]]>
            </line>
          </reporter-output>
        </test-method> <!-- goToHomePage -->
        <test-method is-config="true" signature="tearDown()[pri:0, instance:com.travelocity.testCases.TC_Exercise_001@4fbe37eb]" started-at="2021-03-09T18:00:57Z" name="tearDown" finished-at="2021-03-09T18:00:57Z" duration-ms="0" status="PASS">
          <reporter-output>
          </reporter-output>
        </test-method> <!-- tearDown -->
      </class> <!-- com.travelocity.testCases.TC_Exercise_001 -->
    </test> <!-- Default test -->
  </suite> <!-- Default suite -->
</testng-results>
